<?xml version="1.0" encoding="UTF-8"?>
<testng-results ignored="0" total="2" passed="2" failed="0" skipped="0">
  <reporter-output>
  </reporter-output>
  <suite started-at="2021-12-16T15:40:49 IST" name="Default suite" finished-at="2021-12-16T15:41:02 IST" duration-ms="12298">
    <groups>
    </groups>
    <test started-at="2021-12-16T15:40:49 IST" name="Default test" finished-at="2021-12-16T15:41:02 IST" duration-ms="12298">
      <class name="TestCases.Generatelogs">
        <test-method is-config="true" signature="SetUp()[pri:0, instance:TestCases.Generatelogs@292b08d6]" started-at="2021-12-16T15:40:50 IST" name="SetUp" finished-at="2021-12-16T15:40:55 IST" duration-ms="5501" status="PASS">
          <reporter-output>
          </reporter-output>
        </test-method> <!-- SetUp -->
        <test-method signature="verifyLogo()[pri:1, instance:TestCases.Generatelogs@292b08d6]" started-at="2021-12-16T15:40:55 IST" name="verifyLogo" finished-at="2021-12-16T15:40:55 IST" duration-ms="73" status="PASS">
          <reporter-output>
          </reporter-output>
        </test-method> <!-- verifyLogo -->
        <test-method is-config="true" signature="tearDown()[pri:0, instance:TestCases.Generatelogs@292b08d6]" started-at="2021-12-16T15:40:55 IST" name="tearDown" finished-at="2021-12-16T15:40:56 IST" duration-ms="505" status="PASS">
          <reporter-output>
          </reporter-output>
        </test-method> <!-- tearDown -->
        <test-method is-config="true" signature="SetUp()[pri:0, instance:TestCases.Generatelogs@292b08d6]" started-at="2021-12-16T15:40:56 IST" name="SetUp" finished-at="2021-12-16T15:41:01 IST" duration-ms="5868" status="PASS">
          <reporter-output>
          </reporter-output>
        </test-method> <!-- SetUp -->
        <test-method signature="Verifytitle()[pri:2, instance:TestCases.Generatelogs@292b08d6]" started-at="2021-12-16T15:41:01 IST" name="Verifytitle" finished-at="2021-12-16T15:41:01 IST" duration-ms="10" status="PASS">
          <reporter-output>
          </reporter-output>
        </test-method> <!-- Verifytitle -->
        <test-method is-config="true" signature="tearDown()[pri:0, instance:TestCases.Generatelogs@292b08d6]" started-at="2021-12-16T15:41:01 IST" name="tearDown" finished-at="2021-12-16T15:41:02 IST" duration-ms="278" status="PASS">
          <reporter-output>
          </reporter-output>
        </test-method> <!-- tearDown -->
      </class> <!-- TestCases.Generatelogs -->
    </test> <!-- Default test -->
  </suite> <!-- Default suite -->
</testng-results>
